TN:
SF:lib\app.js
FN:9,<instance_members_initializer>
FN:12,origin
FN:20,setOptions
FN:24,validateRoutes
FN:42,setRoutes
FN:47,start
FNF:6
FNH:1
FNDA:1,<instance_members_initializer>
FNDA:0,origin
FNDA:0,setOptions
FNDA:0,validateRoutes
FNDA:0,setRoutes
FNDA:0,start
DA:1,1
DA:2,1
DA:3,1
DA:4,1
DA:5,1
DA:6,1
DA:7,1
DA:8,1
DA:9,1
DA:10,1
DA:11,1
DA:12,1
DA:13,0
DA:14,0
DA:15,1
DA:16,1
DA:17,1
DA:18,1
DA:19,1
DA:20,1
DA:21,0
DA:22,0
DA:23,1
DA:24,1
DA:25,0
DA:26,0
DA:27,0
DA:28,0
DA:29,0
DA:30,0
DA:31,0
DA:32,0
DA:33,0
DA:34,0
DA:35,0
DA:36,0
DA:37,0
DA:38,0
DA:39,0
DA:40,0
DA:41,1
DA:42,1
DA:43,0
DA:44,0
DA:45,0
DA:46,1
DA:47,1
DA:48,0
DA:49,0
DA:50,0
DA:51,0
DA:52,0
DA:53,0
DA:54,1
DA:55,1
DA:56,1
LF:56
LH:27
BRDA:56,0,0,1
BRDA:9,1,0,1
BRF:2
BRH:2
end_of_record
TN:
SF:lib\index.js
FN:5,createServer
FN:11,createSecureServer
FNF:2
FNH:0
FNDA:0,createServer
FNDA:0,createSecureServer
DA:1,1
DA:2,1
DA:3,1
DA:4,1
DA:5,1
DA:6,0
DA:7,0
DA:8,0
DA:9,0
DA:10,1
DA:11,1
DA:12,0
DA:13,0
DA:14,0
DA:15,0
DA:16,1
DA:17,1
DA:18,1
LF:18
LH:10
BRDA:18,0,0,1
BRF:1
BRH:1
end_of_record
TN:
SF:lib\middlewares\routerParser.js
FN:4,parse
FN:12,setStatus
FNF:2
FNH:0
FNDA:0,parse
FNDA:0,setStatus
DA:1,1
DA:2,1
DA:3,1
DA:4,1
DA:5,1
DA:6,1
DA:7,1
DA:8,1
DA:9,1
DA:10,1
DA:11,1
DA:12,0
DA:13,0
DA:14,0
DA:15,0
LF:15
LH:11
BRDA:15,0,0,1
BRF:1
BRH:1
end_of_record
TN:
SF:lib\middlewares\urlParser.js
FN:3,parse
FNF:1
FNH:0
FNDA:0,parse
DA:1,1
DA:2,1
DA:3,1
DA:4,1
DA:5,1
DA:6,1
DA:7,1
DA:8,1
DA:9,1
DA:10,1
LF:10
LH:10
BRDA:10,0,0,1
BRF:1
BRH:1
end_of_record
